<?xml version="1.0" encoding="UTF-8"?>
<coverage generated="1651630423282" clover="3.2.0">
  <project timestamp="1651630423282" name="All files">
    <metrics statements="31" coveredstatements="31" conditionals="18" coveredconditionals="17" methods="3" coveredmethods="3" elements="52" coveredelements="51" complexity="0" loc="31" ncloc="31" packages="1" files="1" classes="1"/>
    <file name="index.js" path="C:\Users\ezequ\Documents\GitHub\test-fizz-bazz\index.js">
      <metrics statements="31" coveredstatements="31" conditionals="18" coveredconditionals="17" methods="3" coveredmethods="3"/>
      <line num="1" count="10" type="cond" truecount="1" falsecount="0"/>
      <line num="2" count="10" type="stmt"/>
      <line num="3" count="10" type="cond" truecount="1" falsecount="0"/>
      <line num="4" count="10" type="stmt"/>
      <line num="5" count="10" type="cond" truecount="1" falsecount="0"/>
      <line num="6" count="7" type="stmt"/>
      <line num="7" count="7" type="stmt"/>
      <line num="8" count="7" type="cond" truecount="1" falsecount="0"/>
      <line num="9" count="10" type="cond" truecount="1" falsecount="0"/>
      <line num="10" count="10" type="stmt"/>
      <line num="11" count="7" type="stmt"/>
      <line num="12" count="7" type="stmt"/>
      <line num="13" count="10" type="stmt"/>
      <line num="14" count="10" type="cond" truecount="2" falsecount="0"/>
      <line num="15" count="9" type="stmt"/>
      <line num="16" count="10" type="cond" truecount="1" falsecount="1"/>
      <line num="17" count="9" type="stmt"/>
      <line num="18" count="10" type="cond" truecount="2" falsecount="0"/>
      <line num="19" count="2" type="stmt"/>
      <line num="20" count="2" type="stmt"/>
      <line num="21" count="10" type="cond" truecount="3" falsecount="0"/>
      <line num="22" count="3" type="stmt"/>
      <line num="23" count="3" type="stmt"/>
      <line num="24" count="10" type="cond" truecount="3" falsecount="0"/>
      <line num="25" count="3" type="stmt"/>
      <line num="26" count="3" type="stmt"/>
      <line num="27" count="1" type="cond" truecount="1" falsecount="0"/>
      <line num="28" count="1" type="stmt"/>
      <line num="29" count="1" type="stmt"/>
      <line num="30" count="1" type="stmt"/>
      <line num="31" count="1" type="stmt"/>
    </file>
  </project>
</coverage>
