{"C:\\Users\\ezequ\\Documents\\GitHub\\test-fizz-bazz\\index.js": {"path":"C:\\Users\\ezequ\\Documents\\GitHub\\test-fizz-bazz\\index.js","all":false,"statementMap":{"0":{"start":{"line":1,"column":0},"end":{"line":1,"column":24}},"1":{"start":{"line":2,"column":0},"end":{"line":2,"column":0}},"2":{"start":{"line":3,"column":0},"end":{"line":3,"column":63}},"3":{"start":{"line":4,"column":0},"end":{"line":4,"column":0}},"4":{"start":{"line":5,"column":0},"end":{"line":5,"column":53}},"5":{"start":{"line":6,"column":0},"end":{"line":6,"column":45}},"6":{"start":{"line":7,"column":0},"end":{"line":7,"column":28}},"7":{"start":{"line":8,"column":0},"end":{"line":8,"column":39}},"8":{"start":{"line":9,"column":0},"end":{"line":9,"column":66}},"9":{"start":{"line":10,"column":0},"end":{"line":10,"column":11}},"10":{"start":{"line":11,"column":0},"end":{"line":11,"column":23}},"11":{"start":{"line":12,"column":0},"end":{"line":12,"column":5}},"12":{"start":{"line":13,"column":0},"end":{"line":13,"column":0}},"13":{"start":{"line":14,"column":0},"end":{"line":14,"column":61}},"14":{"start":{"line":15,"column":0},"end":{"line":15,"column":0}},"15":{"start":{"line":16,"column":0},"end":{"line":16,"column":29}},"16":{"start":{"line":17,"column":0},"end":{"line":17,"column":0}},"17":{"start":{"line":18,"column":0},"end":{"line":18,"column":51}},"18":{"start":{"line":19,"column":0},"end":{"line":19,"column":26}},"19":{"start":{"line":20,"column":0},"end":{"line":20,"column":5}},"20":{"start":{"line":21,"column":0},"end":{"line":21,"column":54}},"21":{"start":{"line":22,"column":0},"end":{"line":22,"column":22}},"22":{"start":{"line":23,"column":0},"end":{"line":23,"column":5}},"23":{"start":{"line":24,"column":0},"end":{"line":24,"column":54}},"24":{"start":{"line":25,"column":0},"end":{"line":25,"column":22}},"25":{"start":{"line":26,"column":0},"end":{"line":26,"column":5}},"26":{"start":{"line":27,"column":0},"end":{"line":27,"column":15}},"27":{"start":{"line":28,"column":0},"end":{"line":28,"column":1}},"28":{"start":{"line":29,"column":0},"end":{"line":29,"column":0}},"29":{"start":{"line":30,"column":0},"end":{"line":30,"column":0}},"30":{"start":{"line":31,"column":0},"end":{"line":31,"column":26}}},"s":{"0":10,"1":10,"2":10,"3":10,"4":10,"5":7,"6":7,"7":7,"8":10,"9":10,"10":7,"11":7,"12":10,"13":10,"14":9,"15":10,"16":9,"17":10,"18":2,"19":2,"20":10,"21":3,"22":3,"23":10,"24":3,"25":3,"26":1,"27":1,"28":1,"29":1,"30":1},"branchMap":{"0":{"type":"branch","line":1,"loc":{"start":{"line":1,"column":0},"end":{"line":28,"column":1}},"locations":[{"start":{"line":1,"column":0},"end":{"line":28,"column":1}}]},"1":{"type":"branch","line":14,"loc":{"start":{"line":14,"column":32},"end":{"line":14,"column":39}},"locations":[{"start":{"line":14,"column":32},"end":{"line":14,"column":39}}]},"2":{"type":"branch","line":14,"loc":{"start":{"line":14,"column":32},"end":{"line":16,"column":7}},"locations":[{"start":{"line":14,"column":32},"end":{"line":16,"column":7}}]},"3":{"type":"branch","line":16,"loc":{"start":{"line":16,"column":18},"end":{"line":16,"column":25}},"locations":[{"start":{"line":16,"column":18},"end":{"line":16,"column":25}}]},"4":{"type":"branch","line":16,"loc":{"start":{"line":16,"column":18},"end":{"line":18,"column":19}},"locations":[{"start":{"line":16,"column":18},"end":{"line":18,"column":19}}]},"5":{"type":"branch","line":18,"loc":{"start":{"line":18,"column":7},"end":{"line":18,"column":43}},"locations":[{"start":{"line":18,"column":7},"end":{"line":18,"column":43}}]},"6":{"type":"branch","line":18,"loc":{"start":{"line":18,"column":50},"end":{"line":20,"column":5}},"locations":[{"start":{"line":18,"column":50},"end":{"line":20,"column":5}}]},"7":{"type":"branch","line":21,"loc":{"start":{"line":21,"column":-2},"end":{"line":21,"column":19}},"locations":[{"start":{"line":21,"column":-2},"end":{"line":21,"column":19}}]},"8":{"type":"branch","line":21,"loc":{"start":{"line":21,"column":7},"end":{"line":21,"column":46}},"locations":[{"start":{"line":21,"column":7},"end":{"line":21,"column":46}}]},"9":{"type":"branch","line":21,"loc":{"start":{"line":21,"column":53},"end":{"line":23,"column":5}},"locations":[{"start":{"line":21,"column":53},"end":{"line":23,"column":5}}]},"10":{"type":"branch","line":24,"loc":{"start":{"line":24,"column":-2},"end":{"line":24,"column":19}},"locations":[{"start":{"line":24,"column":-2},"end":{"line":24,"column":19}}]},"11":{"type":"branch","line":24,"loc":{"start":{"line":24,"column":7},"end":{"line":24,"column":46}},"locations":[{"start":{"line":24,"column":7},"end":{"line":24,"column":46}}]},"12":{"type":"branch","line":24,"loc":{"start":{"line":24,"column":53},"end":{"line":26,"column":5}},"locations":[{"start":{"line":24,"column":53},"end":{"line":26,"column":5}}]},"13":{"type":"branch","line":27,"loc":{"start":{"line":27,"column":-2},"end":{"line":28,"column":1}},"locations":[{"start":{"line":27,"column":-2},"end":{"line":28,"column":1}}]},"14":{"type":"branch","line":3,"loc":{"start":{"line":3,"column":25},"end":{"line":3,"column":63}},"locations":[{"start":{"line":3,"column":25},"end":{"line":3,"column":63}}]},"15":{"type":"branch","line":5,"loc":{"start":{"line":5,"column":28},"end":{"line":12,"column":5}},"locations":[{"start":{"line":5,"column":28},"end":{"line":12,"column":5}}]},"16":{"type":"branch","line":8,"loc":{"start":{"line":8,"column":26},"end":{"line":10,"column":11}},"locations":[{"start":{"line":8,"column":26},"end":{"line":10,"column":11}}]},"17":{"type":"branch","line":9,"loc":{"start":{"line":9,"column":51},"end":{"line":9,"column":58}},"locations":[{"start":{"line":9,"column":51},"end":{"line":9,"column":58}}]}},"b":{"0":[10],"1":[1],"2":[9],"3":[0],"4":[9],"5":[4],"6":[2],"7":[7],"8":[5],"9":[3],"10":[4],"11":[2],"12":[3],"13":[1],"14":[24],"15":[7],"16":[10],"17":[2]},"fnMap":{"0":{"name":"fizzBazz","decl":{"start":{"line":1,"column":0},"end":{"line":28,"column":1}},"loc":{"start":{"line":1,"column":0},"end":{"line":28,"column":1}},"line":1},"1":{"name":"divisiblePor","decl":{"start":{"line":3,"column":25},"end":{"line":3,"column":63}},"loc":{"start":{"line":3,"column":25},"end":{"line":3,"column":63}},"line":3},"2":{"name":"incluyeUnNumero","decl":{"start":{"line":5,"column":28},"end":{"line":12,"column":5}},"loc":{"start":{"line":5,"column":28},"end":{"line":12,"column":5}},"line":5}},"f":{"0":10,"1":24,"2":7}}
}
