TN:
SF:index.js
FN:1,fizzBazz
FN:3,divisiblePor
FN:5,incluyeUnNumero
FNF:3
FNH:3
FNDA:10,fizzBazz
FNDA:24,divisiblePor
FNDA:7,incluyeUnNumero
DA:1,10
DA:2,10
DA:3,10
DA:4,10
DA:5,10
DA:6,7
DA:7,7
DA:8,7
DA:9,10
DA:10,10
DA:11,7
DA:12,7
DA:13,10
DA:14,10
DA:15,9
DA:16,10
DA:17,9
DA:18,10
DA:19,2
DA:20,2
DA:21,10
DA:22,3
DA:23,3
DA:24,10
DA:25,3
DA:26,3
DA:27,1
DA:28,1
DA:29,1
DA:30,1
DA:31,1
LF:31
LH:31
BRDA:1,0,0,10
BRDA:14,1,0,1
BRDA:14,2,0,9
BRDA:16,3,0,0
BRDA:16,4,0,9
BRDA:18,5,0,4
BRDA:18,6,0,2
BRDA:21,7,0,7
BRDA:21,8,0,5
BRDA:21,9,0,3
BRDA:24,10,0,4
BRDA:24,11,0,2
BRDA:24,12,0,3
BRDA:27,13,0,1
BRDA:3,14,0,24
BRDA:5,15,0,7
BRDA:8,16,0,10
BRDA:9,17,0,2
BRF:18
BRH:17
end_of_record
